
# $((SLURM_MEM_PER_NODE/1000))'G'
# $SLURM_NTASKS

module load provean
/usr/bin/modulecmd bash $*
PATH=/opt/linux/centos/7.x/x86_64/pkgs/provean/1.1.5/bin:/opt/linux/centos/7.x/x86_64/pkgs/vim/7.4.1952/bin:/opt/linux/centos/7.x/x86_64/pkgs/iigb_utilities/1/bin:/opt/linux/centos/7.x/x86_64/pkgs/perl/5.20.2/bin:/opt/linux/centos/7.x/x86_64/pkgs/miniconda2/4.4.10/bin:/opt/linux/centos/7.x/x86_64/pkgs/hdf5/1.10.1/bin:/opt/linux/centos/7.x/x86_64/pkgs/gdal/2.1.3/bin:/opt/linux/centos/7.x/x86_64/pkgs/geos/3.7.1/bin:/opt/linux/centos/7.x/x86_64/pkgs/java/jdk1.8.0_45/bin:/opt/linux/centos/7.x/x86_64/pkgs/netcdf/4.4.1.1/bin:/opt/linux/centos/7.x/x86_64/pkgs/pandoc/2.0/bin:/opt/linux/centos/7.x/x86_64/pkgs/texlive/2017/bin/x86_64-linux:/opt/linux/centos/7.x/x86_64/pkgs/ggobi/2.1.11/bin:/opt/linux/centos/7.x/x86_64/pkgs/R/3.6.0/bin:/opt/linux/centos/7.x/x86_64/pkgs/openmpi/2.0.1-slurm-16.05.4/bin:/opt/linux/centos/7.x/x86_64/pkgs/slurm/16.05.4/bin:/opt/linux/centos/7.x/x86_64/pkgs/slurm/16.05.4/sbin:/usr/bin:/bin:/usr/local/games:/usr/games:/usr/local/bin:/usr/lpp/mmfs/bin:/opt/ibutils/bin:/opt/puppetlabs/bin ;export PATH;
# the --supporting_set FUL1support.txt option is used to speed testing, but given inconsistent results
provean.sh -q FUL2.fasta -v FUL2.vars --num_threads $SLURM_NTASKS
## PROVEAN v1.1 output ##
# Query sequence file:	FUL2.fasta
# Variation file:	FUL2.vars
# Protein database:	/srv/projects/db/ncbi/preformatted/20150112/nr
[15:27:04] searching related sequences...
[15:45:12] clustering subject sequences...
# Number of clusters:	30
# Number of supporting sequences used:	262
[15:45:22] computing delta alignment scores...
## PROVEAN scores ##
# VARIATION	SCORE
S61_N246delinsFLHGKDS	-548.221
C62_N246delinsLHGKDS	-543.734
E68_N246del	-513.536
V6_N246delinsSATEEN	-764.291
L8P	-5.583
S49P	-4.551
slurmstepd-c44: error: Exceeded step memory limit at some point.
slurmstepd-c44: error: Exceeded job memory limit at some point.
