
# $((SLURM_MEM_PER_NODE/1000))'G'
# $SLURM_NTASKS

module load provean
/usr/bin/modulecmd bash $*
LOADEDMODULES=slurm/16.05.4:openmpi/2.0.1-slurm-16.05.4:ggobi/2.1.11:texlive/2017:pandoc/2.0:netcdf/4.4.1.1:java/8:geos/3.7.1:gdal/2.1.3:hdf5/1.10.1:R/3.6.0:miniconda2/4.4.10:perl/5.20.2:less-highlight/1.0:iigb_utilities/1:vim/7.4.1952:provean/1.1.5 ;export LOADEDMODULES;MANPATH=/opt/linux/centos/7.x/x86_64/pkgs/provean/1.1.5/share/doc:/opt/linux/centos/7.x/x86_64/pkgs/vim/7.4.1952/share/man:/opt/linux/centos/7.x/x86_64/pkgs/perl/5.20.2/man:/opt/linux/centos/7.x/x86_64/pkgs/java/jdk1.8.0_45/man:/opt/linux/centos/7.x/x86_64/pkgs/netcdf/4.4.1.1/share/man:/opt/linux/centos/7.x/x86_64/pkgs/ggobi/2.1.11/share/man:/opt/linux/centos/7.x/x86_64/pkgs/R/3.6.0/share/man:/opt/linux/centos/7.x/x86_64/pkgs/openmpi/2.0.1-slurm-16.05.4/share/man:/opt/linux/centos/7.x/x86_64/pkgs/slurm/16.05.4/share/man:/usr/share/man:/usr/local/share/man ;export MANPATH;PATH=/opt/linux/centos/7.x/x86_64/pkgs/provean/1.1.5/bin:/opt/linux/centos/7.x/x86_64/pkgs/vim/7.4.1952/bin:/opt/linux/centos/7.x/x86_64/pkgs/iigb_utilities/1/bin:/opt/linux/centos/7.x/x86_64/pkgs/perl/5.20.2/bin:/opt/linux/centos/7.x/x86_64/pkgs/miniconda2/4.4.10/bin:/opt/linux/centos/7.x/x86_64/pkgs/hdf5/1.10.1/bin:/opt/linux/centos/7.x/x86_64/pkgs/gdal/2.1.3/bin:/opt/linux/centos/7.x/x86_64/pkgs/geos/3.7.1/bin:/opt/linux/centos/7.x/x86_64/pkgs/java/jdk1.8.0_45/bin:/opt/linux/centos/7.x/x86_64/pkgs/netcdf/4.4.1.1/bin:/opt/linux/centos/7.x/x86_64/pkgs/pandoc/2.0/bin:/opt/linux/centos/7.x/x86_64/pkgs/texlive/2017/bin/x86_64-linux:/opt/linux/centos/7.x/x86_64/pkgs/ggobi/2.1.11/bin:/opt/linux/centos/7.x/x86_64/pkgs/R/3.6.0/bin:/opt/linux/centos/7.x/x86_64/pkgs/openmpi/2.0.1-slurm-16.05.4/bin:/opt/linux/centos/7.x/x86_64/pkgs/slurm/16.05.4/bin:/opt/linux/centos/7.x/x86_64/pkgs/slurm/16.05.4/sbin:/usr/bin:/bin:/usr/local/games:/usr/games:/usr/local/bin:/usr/lpp/mmfs/bin:/opt/ibutils/bin:/opt/puppetlabs/bin ;export PATH;_LMFILES_=/opt/linux/centos/7.x/x86_64/modules/slurm/16.05.4:/opt/linux/centos/7.x/x86_64/modules/openmpi/2.0.1-slurm-16.05.4:/opt/linux/centos/7.x/x86_64/modules/ggobi/2.1.11:/opt/linux/centos/7.x/x86_64/modules/texlive/2017:/opt/linux/centos/7.x/x86_64/modules/pandoc/2.0:/opt/linux/centos/7.x/x86_64/modules/netcdf/4.4.1.1:/opt/linux/centos/7.x/x86_64/modules/java/8:/opt/linux/centos/7.x/x86_64/modules/geos/3.7.1:/opt/linux/centos/7.x/x86_64/modules/gdal/2.1.3:/opt/linux/centos/7.x/x86_64/modules/hdf5/1.10.1:/opt/linux/centos/7.x/x86_64/modules/R/3.6.0:/opt/linux/centos/7.x/x86_64/modules/miniconda2/4.4.10:/opt/linux/centos/7.x/x86_64/modules/perl/5.20.2:/opt/linux/centos/7.x/x86_64/modules/less-highlight/1.0:/opt/linux/centos/7.x/x86_64/modules/iigb_utilities/1:/opt/linux/centos/7.x/x86_64/modules/vim/7.4.1952:/opt/linux/centos/7.x/x86_64/modules/provean/1.1.5 ;export _LMFILES_;
# the --supporting_set FUL1support.txt option is used to speed testing, but given inconsistent results
provean.sh -q FUL2.fasta -v FUL2.vars --supporting_set FUL2support.txt 
Reference AA does not match: F in Sequence, but S is provided
## PROVEAN v1.1 output ##
# Query sequence file:	FUL2.fasta
# Variation file:	FUL2.vars
# Protein database:	/srv/projects/db/ncbi/preformatted/20150112/nr
# Number of clusters:	27
# Number of supporting sequences used:	85
[15:04:36] computing delta alignment scores...
## PROVEAN scores ##
# VARIATION	SCORE
S61_N246delinsFLHGKDS	-428.891
C62_N246delinsLHGKDS	-425.479
E68_N246del	-402.636
V6_N246delinsSATEEN	-556.782
L8P	-2.148
